<!--
  ~ Copyright (c) 2013 The Finnish Board of Education - Opetushallitus
  ~
  ~ This program is free software:  Licensed under the EUPL, Version 1.1 or - as
  ~ soon as they will be approved by the European Commission - subsequent versions
  ~ of the EUPL (the "Licence");
  ~
  ~ You may not use this work except in compliance with the Licence.
  ~ You may obtain a copy of the Licence at: http://www.osor.eu/eupl/
  ~
  ~ This program is distributed in the hope that it will be useful,
  ~ but WITHOUT ANY WARRANTY; without even the implied warranty of
  ~ MERCHANTABILITY or FITNESS FOR A PARTICULAR PURPOSE.  See the
  ~ European Union Public Licence for more details.
  -->

<web-app version="2.5" xmlns="http://java.sun.com/xml/ns/javaee"
         xmlns:xsi="http://www.w3.org/2001/XMLSchema-instance"
         xsi:schemaLocation="http://java.sun.com/xml/ns/javaee http://java.sun.com/xml/ns/javaee/web-app_2_5.xsd">


    <display-name>Hakulomakkeenhallinta-ui</display-name>

    <filter>
        <filter-name>UrlRewriteFilter</filter-name>
        <filter-class>org.tuckey.web.filters.urlrewrite.UrlRewriteFilter</filter-class>
        <init-param>
            <param-name>confPath</param-name>
            <param-value>urlrewrite.xml</param-value>
        </init-param>
        <!--init-param>
            <param-name>logLevel</param-name>
            <param-value>DEBUG</param-value>
        </init-param-->
    </filter>
    <filter-mapping>
        <filter-name>UrlRewriteFilter</filter-name>
        <url-pattern>/*</url-pattern>
        <dispatcher>REQUEST</dispatcher>
        <dispatcher>FORWARD</dispatcher>
    </filter-mapping>
</web-app>